<?xml version="1.0" encoding="UTF-8"?>
<!-- Generated by org.testng.reporters.JUnitReportReporter -->
<testsuite skipped="0" hostname="DESKTOP-H1B11JS" name="com.java.SDET_Selenium.Test.Job_BoardTest" tests="9" failures="0" timestamp="11 Sep 2020 09:47:00 GMT" time="204.832" errors="0">
  <testcase name="TC05_naviagteToJobPage" time="18.282" classname="com.java.SDET_Selenium.Test.Job_BoardTest"/>
  <testcase name="TC09_createAJobBackend" time="80.118" classname="com.java.SDET_Selenium.Test.Job_BoardTest"/>
  <testcase name="TC07_CreateAJobListing" time="23.376" classname="com.java.SDET_Selenium.Test.Job_BoardTest"/>
  <testcase name="TC04_verifyWebSiteSeacondHeading" time="9.609" classname="com.java.SDET_Selenium.Test.Job_BoardTest"/>
  <testcase name="TC08_visitSiteBackend" time="20.418" classname="com.java.SDET_Selenium.Test.Job_BoardTest"/>
  <testcase name="TC03_getURLOfHeaderImage" time="10.399" classname="com.java.SDET_Selenium.Test.Job_BoardTest"/>
  <testcase name="TC02_VerifyTheWebsiteHeading" time="10.407" classname="com.java.SDET_Selenium.Test.Job_BoardTest"/>
  <testcase name="TC01_verifyTheWebsiteTitle" time="15.186" classname="com.java.SDET_Selenium.Test.Job_BoardTest"/>
  <testcase name="TC06_ApplyToAJob" time="17.037" classname="com.java.SDET_Selenium.Test.Job_BoardTest"/>
</testsuite> <!-- com.java.SDET_Selenium.Test.Job_BoardTest -->
